Determining if the pthread_create exist failed with the following output:
Change Dir: /home/mylxiaoyi/ros_catkin_ws/src/gazebo-4.0.0/build/CMakeFiles/CMakeTmp

Run Build Command:/usr/bin/gmake "cmTryCompileExec2839639185/fast"
/usr/bin/gmake -f CMakeFiles/cmTryCompileExec2839639185.dir/build.make CMakeFiles/cmTryCompileExec2839639185.dir/build
gmake[1]: Entering directory '/home/mylxiaoyi/ros_catkin_ws/src/gazebo-4.0.0/build/CMakeFiles/CMakeTmp'
/usr/bin/cmake -E cmake_progress_report /home/mylxiaoyi/ros_catkin_ws/src/gazebo-4.0.0/build/CMakeFiles/CMakeTmp/CMakeFiles 1
Building C object CMakeFiles/cmTryCompileExec2839639185.dir/CheckSymbolExists.c.o
/usr/bin/cc    -o CMakeFiles/cmTryCompileExec2839639185.dir/CheckSymbolExists.c.o   -c /home/mylxiaoyi/ros_catkin_ws/src/gazebo-4.0.0/build/CMakeFiles/CMakeTmp/CheckSymbolExists.c
Linking C executable cmTryCompileExec2839639185
/usr/bin/cmake -E cmake_link_script CMakeFiles/cmTryCompileExec2839639185.dir/link.txt --verbose=1
/usr/bin/cc       CMakeFiles/cmTryCompileExec2839639185.dir/CheckSymbolExists.c.o  -o cmTryCompileExec2839639185 -rdynamic 
CMakeFiles/cmTryCompileExec2839639185.dir/CheckSymbolExists.c.o：在函数‘main’中：
CheckSymbolExists.c:(.text+0x16)：对‘pthread_create’未定义的引用
collect2: 错误：ld 返回 1
CMakeFiles/cmTryCompileExec2839639185.dir/build.make:91: recipe for target 'cmTryCompileExec2839639185' failed
gmake[1]: Leaving directory '/home/mylxiaoyi/ros_catkin_ws/src/gazebo-4.0.0/build/CMakeFiles/CMakeTmp'
gmake[1]: *** [cmTryCompileExec2839639185] Error 1
Makefile:117: recipe for target 'cmTryCompileExec2839639185/fast' failed
gmake: *** [cmTryCompileExec2839639185/fast] Error 2

File /home/mylxiaoyi/ros_catkin_ws/src/gazebo-4.0.0/build/CMakeFiles/CMakeTmp/CheckSymbolExists.c:
/* */
#include <pthread.h>

int main(int argc, char** argv)
{
  (void)argv;
#ifndef pthread_create
  return ((int*)(&pthread_create))[argc];
#else
  (void)argc;
  return 0;
#endif
}

Determining if the function pthread_create exists in the pthreads failed with the following output:
Change Dir: /home/mylxiaoyi/ros_catkin_ws/src/gazebo-4.0.0/build/CMakeFiles/CMakeTmp

Run Build Command:/usr/bin/gmake "cmTryCompileExec1289642515/fast"
/usr/bin/gmake -f CMakeFiles/cmTryCompileExec1289642515.dir/build.make CMakeFiles/cmTryCompileExec1289642515.dir/build
gmake[1]: Entering directory '/home/mylxiaoyi/ros_catkin_ws/src/gazebo-4.0.0/build/CMakeFiles/CMakeTmp'
/usr/bin/cmake -E cmake_progress_report /home/mylxiaoyi/ros_catkin_ws/src/gazebo-4.0.0/build/CMakeFiles/CMakeTmp/CMakeFiles 1
Building C object CMakeFiles/cmTryCompileExec1289642515.dir/CheckFunctionExists.c.o
/usr/bin/cc   -DCHECK_FUNCTION_EXISTS=pthread_create   -o CMakeFiles/cmTryCompileExec1289642515.dir/CheckFunctionExists.c.o   -c /usr/share/cmake/Modules/CheckFunctionExists.c
Linking C executable cmTryCompileExec1289642515
/usr/bin/cmake -E cmake_link_script CMakeFiles/cmTryCompileExec1289642515.dir/link.txt --verbose=1
/usr/bin/cc   -DCHECK_FUNCTION_EXISTS=pthread_create    CMakeFiles/cmTryCompileExec1289642515.dir/CheckFunctionExists.c.o  -o cmTryCompileExec1289642515 -rdynamic -lpthreads 
/usr/lib/gcc/x86_64-pc-linux-gnu/4.9.2/../../../../x86_64-pc-linux-gnu/bin/ld: cannot find -lpthreads
collect2: 错误：ld 返回 1
CMakeFiles/cmTryCompileExec1289642515.dir/build.make:91: recipe for target 'cmTryCompileExec1289642515' failed
gmake[1]: *** [cmTryCompileExec1289642515] Error 1
gmake[1]: Leaving directory '/home/mylxiaoyi/ros_catkin_ws/src/gazebo-4.0.0/build/CMakeFiles/CMakeTmp'
Makefile:117: recipe for target 'cmTryCompileExec1289642515/fast' failed
gmake: *** [cmTryCompileExec1289642515/fast] Error 2


Determining if the Q_WS_WIN exist failed with the following output:
Change Dir: /home/mylxiaoyi/ros_catkin_ws/src/gazebo-4.0.0/build/CMakeFiles/CMakeTmp

Run Build Command:/usr/bin/gmake "cmTryCompileExec2864400507/fast"
/usr/bin/gmake -f CMakeFiles/cmTryCompileExec2864400507.dir/build.make CMakeFiles/cmTryCompileExec2864400507.dir/build
gmake[1]: Entering directory '/home/mylxiaoyi/ros_catkin_ws/src/gazebo-4.0.0/build/CMakeFiles/CMakeTmp'
/usr/bin/cmake -E cmake_progress_report /home/mylxiaoyi/ros_catkin_ws/src/gazebo-4.0.0/build/CMakeFiles/CMakeTmp/CMakeFiles 1
Building CXX object CMakeFiles/cmTryCompileExec2864400507.dir/CheckSymbolExists.cxx.o
/usr/bin/c++    -I/usr/include/qt4    -o CMakeFiles/cmTryCompileExec2864400507.dir/CheckSymbolExists.cxx.o -c /home/mylxiaoyi/ros_catkin_ws/src/gazebo-4.0.0/build/CMakeFiles/CMakeTmp/CheckSymbolExists.cxx
/home/mylxiaoyi/ros_catkin_ws/src/gazebo-4.0.0/build/CMakeFiles/CMakeTmp/CheckSymbolExists.cxx: 在函数‘int main(int, char**)’中:
/home/mylxiaoyi/ros_catkin_ws/src/gazebo-4.0.0/build/CMakeFiles/CMakeTmp/CheckSymbolExists.cxx:8:19: 错误：‘Q_WS_WIN’在此作用域中尚未声明
   return ((int*)(&Q_WS_WIN))[argc];
                   ^
CMakeFiles/cmTryCompileExec2864400507.dir/build.make:60: recipe for target 'CMakeFiles/cmTryCompileExec2864400507.dir/CheckSymbolExists.cxx.o' failed
gmake[1]: Leaving directory '/home/mylxiaoyi/ros_catkin_ws/src/gazebo-4.0.0/build/CMakeFiles/CMakeTmp'
gmake[1]: *** [CMakeFiles/cmTryCompileExec2864400507.dir/CheckSymbolExists.cxx.o] Error 1
Makefile:117: recipe for target 'cmTryCompileExec2864400507/fast' failed
gmake: *** [cmTryCompileExec2864400507/fast] Error 2

File /home/mylxiaoyi/ros_catkin_ws/src/gazebo-4.0.0/build/CMakeFiles/CMakeTmp/CheckSymbolExists.cxx:
/* */
#include <QtCore/qglobal.h>

int main(int argc, char** argv)
{
  (void)argv;
#ifndef Q_WS_WIN
  return ((int*)(&Q_WS_WIN))[argc];
#else
  (void)argc;
  return 0;
#endif
}

Determining if the Q_WS_QWS exist failed with the following output:
Change Dir: /home/mylxiaoyi/ros_catkin_ws/src/gazebo-4.0.0/build/CMakeFiles/CMakeTmp

Run Build Command:/usr/bin/gmake "cmTryCompileExec1720670952/fast"
/usr/bin/gmake -f CMakeFiles/cmTryCompileExec1720670952.dir/build.make CMakeFiles/cmTryCompileExec1720670952.dir/build
gmake[1]: Entering directory '/home/mylxiaoyi/ros_catkin_ws/src/gazebo-4.0.0/build/CMakeFiles/CMakeTmp'
/usr/bin/cmake -E cmake_progress_report /home/mylxiaoyi/ros_catkin_ws/src/gazebo-4.0.0/build/CMakeFiles/CMakeTmp/CMakeFiles 1
Building CXX object CMakeFiles/cmTryCompileExec1720670952.dir/CheckSymbolExists.cxx.o
/usr/bin/c++    -I/usr/include/qt4    -o CMakeFiles/cmTryCompileExec1720670952.dir/CheckSymbolExists.cxx.o -c /home/mylxiaoyi/ros_catkin_ws/src/gazebo-4.0.0/build/CMakeFiles/CMakeTmp/CheckSymbolExists.cxx
/home/mylxiaoyi/ros_catkin_ws/src/gazebo-4.0.0/build/CMakeFiles/CMakeTmp/CheckSymbolExists.cxx: 在函数‘int main(int, char**)’中:
/home/mylxiaoyi/ros_catkin_ws/src/gazebo-4.0.0/build/CMakeFiles/CMakeTmp/CheckSymbolExists.cxx:8:19: 错误：‘Q_WS_QWS’在此作用域中尚未声明
   return ((int*)(&Q_WS_QWS))[argc];
                   ^
CMakeFiles/cmTryCompileExec1720670952.dir/build.make:60: recipe for target 'CMakeFiles/cmTryCompileExec1720670952.dir/CheckSymbolExists.cxx.o' failed
gmake[1]: Leaving directory '/home/mylxiaoyi/ros_catkin_ws/src/gazebo-4.0.0/build/CMakeFiles/CMakeTmp'
gmake[1]: *** [CMakeFiles/cmTryCompileExec1720670952.dir/CheckSymbolExists.cxx.o] Error 1
Makefile:117: recipe for target 'cmTryCompileExec1720670952/fast' failed
gmake: *** [cmTryCompileExec1720670952/fast] Error 2

File /home/mylxiaoyi/ros_catkin_ws/src/gazebo-4.0.0/build/CMakeFiles/CMakeTmp/CheckSymbolExists.cxx:
/* */
#include <QtCore/qglobal.h>

int main(int argc, char** argv)
{
  (void)argv;
#ifndef Q_WS_QWS
  return ((int*)(&Q_WS_QWS))[argc];
#else
  (void)argc;
  return 0;
#endif
}

Determining if the Q_WS_MAC exist failed with the following output:
Change Dir: /home/mylxiaoyi/ros_catkin_ws/src/gazebo-4.0.0/build/CMakeFiles/CMakeTmp

Run Build Command:/usr/bin/gmake "cmTryCompileExec2565326543/fast"
/usr/bin/gmake -f CMakeFiles/cmTryCompileExec2565326543.dir/build.make CMakeFiles/cmTryCompileExec2565326543.dir/build
gmake[1]: Entering directory '/home/mylxiaoyi/ros_catkin_ws/src/gazebo-4.0.0/build/CMakeFiles/CMakeTmp'
/usr/bin/cmake -E cmake_progress_report /home/mylxiaoyi/ros_catkin_ws/src/gazebo-4.0.0/build/CMakeFiles/CMakeTmp/CMakeFiles 1
Building CXX object CMakeFiles/cmTryCompileExec2565326543.dir/CheckSymbolExists.cxx.o
/usr/bin/c++    -I/usr/include/qt4    -o CMakeFiles/cmTryCompileExec2565326543.dir/CheckSymbolExists.cxx.o -c /home/mylxiaoyi/ros_catkin_ws/src/gazebo-4.0.0/build/CMakeFiles/CMakeTmp/CheckSymbolExists.cxx
/home/mylxiaoyi/ros_catkin_ws/src/gazebo-4.0.0/build/CMakeFiles/CMakeTmp/CheckSymbolExists.cxx: 在函数‘int main(int, char**)’中:
/home/mylxiaoyi/ros_catkin_ws/src/gazebo-4.0.0/build/CMakeFiles/CMakeTmp/CheckSymbolExists.cxx:8:19: 错误：‘Q_WS_MAC’在此作用域中尚未声明
   return ((int*)(&Q_WS_MAC))[argc];
                   ^
CMakeFiles/cmTryCompileExec2565326543.dir/build.make:60: recipe for target 'CMakeFiles/cmTryCompileExec2565326543.dir/CheckSymbolExists.cxx.o' failed
gmake[1]: *** [CMakeFiles/cmTryCompileExec2565326543.dir/CheckSymbolExists.cxx.o] Error 1
gmake[1]: Leaving directory '/home/mylxiaoyi/ros_catkin_ws/src/gazebo-4.0.0/build/CMakeFiles/CMakeTmp'
Makefile:117: recipe for target 'cmTryCompileExec2565326543/fast' failed
gmake: *** [cmTryCompileExec2565326543/fast] Error 2

File /home/mylxiaoyi/ros_catkin_ws/src/gazebo-4.0.0/build/CMakeFiles/CMakeTmp/CheckSymbolExists.cxx:
/* */
#include <QtCore/qglobal.h>

int main(int argc, char** argv)
{
  (void)argv;
#ifndef Q_WS_MAC
  return ((int*)(&Q_WS_MAC))[argc];
#else
  (void)argc;
  return 0;
#endif
}

